2022-07-07 13:53:32,927 [OK] - CREATE_DB_CONNECTION
2022-07-07 13:53:32,940 [ERROR] - CREATE_DB_ENGINE
2022-07-07 13:55:10,357 [OK] - CREATE_DB_CONNECTION
2022-07-07 13:55:10,376 [OK] - CREATE_DB_ENGINE
2022-07-07 13:55:10,376 [OK] - OPEN_SQL_QUERY
2022-07-07 13:55:10,376 [OK] - OPEN_SQL_QUERY
2022-07-07 13:55:10,377 [ERROR] - GENERATE_CONNECTION
2022-07-07 14:10:12,378 [OK] - CREATE_DB_CONNECTION
2022-07-07 14:10:12,393 [OK] - CREATE_DB_ENGINE
2022-07-07 14:10:12,394 [OK] - OPEN_SQL_QUERY
2022-07-07 14:10:12,394 [OK] - OPEN_SQL_QUERY
2022-07-07 14:10:12,394 [ERROR] - GENERATE_CONNECTION
2022-07-07 14:16:37,787 [OK] - CREATE_DB_CONNECTION
2022-07-07 14:16:37,802 [OK] - CREATE_DB_ENGINE
2022-07-07 14:16:37,802 [OK] - OPEN_SQL_QUERY
2022-07-07 14:16:37,802 [OK] - OPEN_SQL_QUERY
2022-07-07 14:16:37,802 [ERROR] - GENERATE_CONNECTION
2022-07-07 14:18:03,361 [OK] - CREATE_DB_CONNECTION
2022-07-07 14:18:03,376 [OK] - CREATE_DB_ENGINE
2022-07-07 14:18:03,376 [OK] - OPEN_SQL_QUERY
2022-07-07 14:18:03,376 [OK] - OPEN_SQL_QUERY
2022-07-07 14:18:03,376 [ERROR] - GENERATE_CONNECTION
2022-07-07 14:19:00,509 [OK] - CREATE_DB_CONNECTION
2022-07-07 14:19:00,524 [OK] - CREATE_DB_ENGINE
2022-07-07 14:19:00,524 [OK] - OPEN_SQL_QUERY
2022-07-07 14:19:00,524 [OK] - OPEN_SQL_QUERY
2022-07-07 14:19:00,525 [ERROR] - GENERATE_CONNECTION
2022-07-07 14:21:16,569 [OK] - CREATE_DB_CONNECTION
2022-07-07 14:21:16,584 [OK] - CREATE_DB_ENGINE
2022-07-07 14:21:16,584 [OK] - OPEN_SQL_QUERY
2022-07-07 14:21:16,584 [OK] - OPEN_SQL_QUERY
2022-07-07 14:21:16,585 [ERROR] - GENERATE_CONNECTION
2022-07-07 14:22:07,959 [OK] - CREATE_DB_CONNECTION
2022-07-07 14:22:07,975 [OK] - CREATE_DB_ENGINE
2022-07-07 14:22:07,975 [OK] - OPEN_SQL_QUERY
2022-07-07 14:22:07,975 [OK] - OPEN_SQL_QUERY
2022-07-07 14:22:07,976 [ERROR] - GENERATE_CONNECTION
2022-07-07 14:22:44,046 [OK] - CREATE_DB_CONNECTION
2022-07-07 14:22:44,061 [OK] - CREATE_DB_ENGINE
2022-07-07 14:22:44,061 [OK] - OPEN_SQL_QUERY
2022-07-07 14:22:44,061 [OK] - OPEN_SQL_QUERY
2022-07-07 14:22:44,061 [ERROR] - GENERATE_CONNECTION
2022-07-07 14:25:21,513 [OK] - CREATE_DB_CONNECTION
2022-07-07 14:25:21,528 [OK] - CREATE_DB_ENGINE
2022-07-07 14:25:21,528 [OK] - OPEN_SQL_QUERY
2022-07-07 14:25:21,528 [OK] - OPEN_SQL_QUERY
2022-07-07 14:25:21,529 [ERROR] - GENERATE_CONNECTION
2022-07-07 14:26:21,776 [OK] - CREATE_DB_CONNECTION
2022-07-07 14:26:21,791 [OK] - CREATE_DB_ENGINE
2022-07-07 14:26:21,792 [OK] - OPEN_SQL_QUERY
2022-07-07 14:26:21,792 [OK] - OPEN_SQL_QUERY
2022-07-07 14:26:21,792 [ERROR] - GENERATE_CONNECTION
2022-07-07 14:27:34,553 [OK] - CREATE_DB_CONNECTION
2022-07-07 14:27:34,568 [OK] - CREATE_DB_ENGINE
2022-07-07 14:27:34,568 [OK] - OPEN_SQL_QUERY
2022-07-07 14:27:34,569 [OK] - OPEN_SQL_QUERY
2022-07-07 14:27:34,569 [ERROR] - GENERATE_CONNECTION
2022-07-07 14:28:48,306 [OK] - CREATE_DB_CONNECTION
2022-07-07 14:28:48,321 [OK] - CREATE_DB_ENGINE
2022-07-07 14:28:48,321 [OK] - OPEN_SQL_QUERY
2022-07-07 14:28:48,321 [OK] - OPEN_SQL_QUERY
2022-07-07 14:28:48,322 [ERROR] - GENERATE_CONNECTION
2022-07-07 14:34:12,183 [OK] - CREATE_DB_CONNECTION
2022-07-07 14:34:12,198 [OK] - CREATE_DB_ENGINE
2022-07-07 14:34:12,198 [OK] - OPEN_SQL_QUERY
2022-07-07 14:34:12,198 [OK] - OPEN_SQL_QUERY
2022-07-07 14:34:12,199 [ERROR] - GENERATE_CONNECTION
2022-07-07 14:49:49,848 [OK] - CREATE_DB_CONNECTION
2022-07-07 14:49:49,863 [OK] - CREATE_DB_ENGINE
2022-07-07 14:49:49,863 [OK] - OPEN_SQL_QUERY
2022-07-07 14:49:49,863 [OK] - OPEN_SQL_QUERY
2022-07-07 14:49:50,174 [ERROR] - GENERATE_CONNECTION
2022-07-07 14:50:29,573 [OK] - CREATE_DB_CONNECTION
2022-07-07 14:50:29,588 [OK] - CREATE_DB_ENGINE
2022-07-07 14:50:29,588 [OK] - OPEN_SQL_QUERY
2022-07-07 14:50:29,588 [OK] - OPEN_SQL_QUERY
2022-07-07 14:50:29,590 [ERROR] - GENERATE_CONNECTION
2022-07-07 14:52:49,866 [OK] - CREATE_DB_CONNECTION
2022-07-07 14:52:49,880 [OK] - CREATE_DB_ENGINE
2022-07-07 14:52:49,881 [OK] - OPEN_SQL_QUERY
2022-07-07 14:52:49,881 [OK] - OPEN_SQL_QUERY
2022-07-07 14:52:49,882 [ERROR] - GENERATE_CONNECTION
2022-07-07 14:53:06,891 [OK] - CREATE_DB_CONNECTION
2022-07-07 14:53:06,906 [OK] - CREATE_DB_ENGINE
2022-07-07 14:53:06,906 [OK] - OPEN_SQL_QUERY
2022-07-07 14:53:06,906 [OK] - OPEN_SQL_QUERY
2022-07-07 14:53:06,907 [ERROR] - GENERATE_CONNECTION
2022-07-07 14:53:28,021 [OK] - CREATE_DB_CONNECTION
2022-07-07 14:53:28,035 [OK] - CREATE_DB_ENGINE
2022-07-07 14:53:28,036 [OK] - OPEN_SQL_QUERY
2022-07-07 14:53:28,036 [OK] - OPEN_SQL_QUERY
2022-07-07 14:53:28,037 [ERROR] - GENERATE_CONNECTION
2022-07-07 14:54:19,502 [OK] - CREATE_DB_CONNECTION
2022-07-07 14:54:19,517 [OK] - CREATE_DB_ENGINE
2022-07-07 14:54:19,517 [OK] - OPEN_SQL_QUERY
2022-07-07 14:54:19,517 [OK] - OPEN_SQL_QUERY
2022-07-07 14:54:19,518 [ERROR] - GENERATE_CONNECTION
2022-07-07 14:54:40,231 [OK] - CREATE_DB_CONNECTION
2022-07-07 14:54:40,245 [OK] - CREATE_DB_ENGINE
2022-07-07 14:54:40,245 [OK] - OPEN_SQL_QUERY
2022-07-07 14:54:40,245 [OK] - OPEN_SQL_QUERY
2022-07-07 14:54:40,247 [ERROR] - GENERATE_CONNECTION
2022-07-07 14:56:54,038 [OK] - CREATE_DB_CONNECTION
2022-07-07 14:56:54,053 [OK] - CREATE_DB_ENGINE
2022-07-07 14:56:54,054 [OK] - OPEN_SQL_QUERY
2022-07-07 14:56:54,054 [OK] - OPEN_SQL_QUERY
2022-07-07 14:56:54,055 [ERROR] - GENERATE_CONNECTION
2022-07-07 14:57:26,130 [OK] - CREATE_DB_CONNECTION
2022-07-07 14:57:26,144 [OK] - CREATE_DB_ENGINE
2022-07-07 14:57:26,145 [OK] - OPEN_SQL_QUERY
2022-07-07 14:57:26,145 [OK] - OPEN_SQL_QUERY
2022-07-07 14:57:26,146 [ERROR] - GENERATE_CONNECTION
2022-07-07 14:59:35,840 [OK] - CREATE_DB_CONNECTION
2022-07-07 14:59:35,855 [OK] - CREATE_DB_ENGINE
2022-07-07 14:59:35,856 [OK] - OPEN_SQL_QUERY
2022-07-07 14:59:35,856 [OK] - OPEN_SQL_QUERY
2022-07-07 14:59:35,857 [ERROR] - GENERATE_CONNECTION
2022-07-07 15:00:37,132 [OK] - CREATE_DB_CONNECTION
2022-07-07 15:00:37,147 [OK] - CREATE_DB_ENGINE
2022-07-07 15:00:37,147 [OK] - OPEN_SQL_QUERY
2022-07-07 15:00:37,148 [OK] - OPEN_SQL_QUERY
2022-07-07 15:00:37,149 [ERROR] - GENERATE_CONNECTION
2022-07-07 15:00:52,757 [OK] - CREATE_DB_CONNECTION
2022-07-07 15:00:52,772 [OK] - CREATE_DB_ENGINE
2022-07-07 15:00:52,772 [OK] - OPEN_SQL_QUERY
2022-07-07 15:00:52,772 [OK] - OPEN_SQL_QUERY
2022-07-07 15:00:52,773 [ERROR] - GENERATE_CONNECTION
2022-07-07 15:01:05,615 [OK] - CREATE_DB_CONNECTION
2022-07-07 15:01:05,629 [OK] - CREATE_DB_ENGINE
2022-07-07 15:01:05,629 [OK] - OPEN_SQL_QUERY
2022-07-07 15:01:05,629 [OK] - OPEN_SQL_QUERY
2022-07-07 15:01:05,630 [ERROR] - GENERATE_CONNECTION
2022-07-07 15:01:19,439 [OK] - CREATE_DB_CONNECTION
2022-07-07 15:01:19,454 [OK] - CREATE_DB_ENGINE
2022-07-07 15:01:19,454 [OK] - OPEN_SQL_QUERY
2022-07-07 15:01:19,454 [OK] - OPEN_SQL_QUERY
2022-07-07 15:01:19,455 [ERROR] - GENERATE_CONNECTION
2022-07-07 15:01:44,335 [OK] - CREATE_DB_CONNECTION
2022-07-07 15:01:44,349 [OK] - CREATE_DB_ENGINE
2022-07-07 15:01:44,350 [OK] - OPEN_SQL_QUERY
2022-07-07 15:01:44,350 [OK] - OPEN_SQL_QUERY
2022-07-07 15:01:44,580 [ERROR] - GENERATE_CONNECTION
2022-07-07 15:06:35,153 [OK] - CREATE_DB_CONNECTION
2022-07-07 15:06:35,153 [ERROR] - CREATE_DB_ENGINE
2022-07-07 15:08:22,218 [OK] - CREATE_DB_CONNECTION
2022-07-07 15:08:22,234 [OK] - CREATE_DB_ENGINE
2022-07-07 15:08:22,234 [OK] - OPEN_SQL_QUERY
2022-07-07 15:08:22,234 [OK] - OPEN_SQL_QUERY
2022-07-07 15:08:22,493 [OK] - GENERATE_CONNECTION
2022-07-07 15:08:22,499 [OK] - EXECUTE_SQL_QUERY
2022-07-07 15:08:22,664 [OK] - EXECUTE_SQL_QUERY
